<?xml version="1.0" encoding="UTF-8"?>
<testng-results ignored="0" total="1" passed="1" failed="0" skipped="0">
  <reporter-output>
  </reporter-output>
  <suite started-at="2023-05-28T08:16:37 SAST" name="Suite" finished-at="2023-05-28T08:17:00 SAST" duration-ms="23144">
    <groups>
      <group name="cucumber">
        <method signature="AbstractTestNGCucumberTests.runScenario(io.cucumber.testng.PickleWrapper,io.cucumber.testng.FeatureWrapper)[pri:0, instance:runner.Runner@655a5d9c]" name="runScenario" class="io.cucumber.testng.AbstractTestNGCucumberTests"/>
      </group> <!-- cucumber -->
    </groups>
    <test started-at="2023-05-28T08:16:37 SAST" name="TestFour" finished-at="2023-05-28T08:17:00 SAST" duration-ms="23144">
      <class name="runner.Runner">
        <test-method is-config="true" signature="setUpClass(org.testng.ITestContext)[pri:0, instance:runner.Runner@655a5d9c]" started-at="2023-05-28T08:16:37 SAST" name="setUpClass" finished-at="2023-05-28T08:16:38 SAST" duration-ms="749" status="PASS">
          <params>
            <param index="0">
              <value>
                <![CDATA[org.testng.TestRunner@494c452b]]>
              </value>
            </param>
          </params>
          <reporter-output>
          </reporter-output>
        </test-method> <!-- setUpClass -->
        <test-method signature="runScenario(io.cucumber.testng.PickleWrapper,io.cucumber.testng.FeatureWrapper)[pri:0, instance:runner.Runner@655a5d9c]" started-at="2023-05-28T08:16:38 SAST" name="runScenario" description="Runs Cucumber Scenarios" data-provider="scenarios" finished-at="2023-05-28T08:17:00 SAST" duration-ms="22260" status="PASS">
          <params>
            <param index="0">
              <value>
                <![CDATA["Login with valid credentails"]]>
              </value>
            </param>
            <param index="1">
              <value>
                <![CDATA["Application login"]]>
              </value>
            </param>
          </params>
          <reporter-output>
          </reporter-output>
        </test-method> <!-- runScenario -->
        <test-method is-config="true" signature="tearDownClass()[pri:0, instance:runner.Runner@655a5d9c]" started-at="2023-05-28T08:17:00 SAST" name="tearDownClass" finished-at="2023-05-28T08:17:00 SAST" duration-ms="9" status="PASS">
          <reporter-output>
          </reporter-output>
        </test-method> <!-- tearDownClass -->
      </class> <!-- runner.Runner -->
    </test> <!-- TestFour -->
  </suite> <!-- Suite -->
</testng-results>
